2026-02-28 21:11:29,913 - __main__ - INFO - Attempt 1/3: GET https://api.github.com/repos/python/cpython
2026-02-28 21:11:30,377 - __main__ - INFO - ✓ Success: https://api.github.com/repos/python/cpython
2026-02-28 21:11:30,991 - GitHubAPI - INFO - GET /repos/pandas-dev/pandas - Status: 200
2026-02-28 21:11:32,013 - GitHubAPI - INFO - GET /search/repositories - Status: 200
2026-02-28 23:16:24,677 - __main__ - INFO - Attempt 1/3: GET https://api.github.com/repos/python/cpython
2026-02-28 23:16:25,618 - __main__ - INFO - ✓ Success: https://api.github.com/repos/python/cpython
2026-02-28 23:16:26,421 - GitHubAPI - INFO - GET /repos/pandas-dev/pandas - Status: 200
2026-02-28 23:16:27,622 - GitHubAPI - INFO - GET /search/repositories - Status: 200
2026-03-05 00:01:26,644 - __main__ - INFO - Attempt 1/3: GET https://api.github.com/repos/python/cpython
2026-03-05 00:01:27,124 - __main__ - INFO - ✓ Success: https://api.github.com/repos/python/cpython
2026-03-05 00:01:27,827 - GitHubAPI - INFO - GET /repos/pandas-dev/pandas - Status: 200
2026-03-05 00:01:29,116 - GitHubAPI - INFO - GET /search/repositories - Status: 200
2026-03-05 01:04:23,188 - __main__ - INFO - Fetching page 1
2026-03-05 01:04:49,404 - __main__ - INFO - Fetching page 1
2026-03-05 01:04:51,912 - __main__ - INFO - Fetching page 2
2026-03-05 01:05:31,579 - __main__ - INFO - Fetching page 1
2026-03-05 01:05:34,266 - __main__ - INFO - Fetching page 2
2026-03-05 01:05:34,534 - __main__ - INFO - Done. No more pages
2026-03-05 01:08:28,513 - __main__ - INFO - Fetching page 1
2026-03-05 01:08:30,439 - __main__ - INFO - Fetching page 2
2026-03-05 01:08:31,190 - __main__ - INFO - Done. No more pages
2026-03-05 01:09:26,221 - __main__ - INFO - Fetching page 1
2026-03-05 01:09:27,849 - __main__ - INFO - Fetching page 2
2026-03-05 01:09:28,109 - __main__ - INFO - Done. No more pages
2026-03-05 01:11:51,920 - __main__ - INFO - Fetching page 1
2026-03-05 01:11:54,071 - __main__ - INFO - Fetching page 2
2026-03-05 01:11:54,259 - __main__ - INFO - Done. No more pages
2026-03-05 01:39:46,261 - __main__ - INFO - Fetching page 1...
2026-03-05 01:39:47,923 - __main__ - INFO - Fetching page 2...
2026-03-05 01:39:48,180 - __main__ - INFO - Done. No more pages
2026-03-05 01:45:09,976 - __main__ - INFO - Fetching page 1...
2026-03-05 01:45:12,767 - __main__ - INFO - Fetching page 2...
2026-03-05 01:45:13,371 - __main__ - INFO - Done. No more pages
2026-03-05 01:48:23,696 - __main__ - INFO - Fetching page 1...
2026-03-05 01:48:25,452 - __main__ - INFO - Fetching page 2...
2026-03-05 01:48:25,740 - __main__ - INFO - Done. No more pages
2026-03-05 01:58:36,765 - __main__ - INFO - Fetching page 1...
2026-03-05 01:58:39,726 - __main__ - INFO - Fetching page 2...
2026-03-05 01:58:40,555 - __main__ - INFO - Done. No more pages
2026-03-05 02:28:34,940 - GitHubAnalyzer - INFO - GET /repos/tensorflow/tensorflow - Status: 200
2026-03-05 02:28:35,321 - GitHubAnalyzer - INFO - GET /repos/pytorch/pytorch - Status: 200
2026-03-05 02:28:35,567 - GitHubAnalyzer - INFO - GET /repos/scikit-learn/scikit-learn - Status: 200
2026-03-05 02:35:31,903 - GitHubAnalyzer - INFO - GET /repos/tensorflow/tensorflow - Status: 200
2026-03-05 02:35:32,251 - GitHubAnalyzer - INFO - GET /repos/pytorch/pytorch - Status: 200
2026-03-05 02:35:32,726 - GitHubAnalyzer - INFO - GET /repos/scikit-learn/scikit-learn - Status: 200
2026-03-05 02:37:01,771 - GitHubAnalyzer - INFO - GET /repos/tensorflow/tensorflow - Status: 200
2026-03-05 02:37:02,046 - GitHubAnalyzer - INFO - GET /repos/pytorch/pytorch - Status: 200
2026-03-05 02:37:02,346 - GitHubAnalyzer - INFO - GET /repos/scikit-learn/scikit-learn - Status: 200
2026-03-05 02:42:57,199 - GitHubAnalyzer - INFO - GET /repos/tensorflow/tensorflow - Status: 200
2026-03-05 02:42:58,675 - GitHubAnalyzer - INFO - GET /repos/pytorch/pytorch - Status: 200
2026-03-05 02:42:58,965 - GitHubAnalyzer - INFO - GET /repos/scikit-learn/scikit-learn - Status: 200
2026-03-06 15:28:26,530 - __main__ - INFO - Attempt 1/3: GET https://api.github.com/repos/python/cpython
2026-03-06 15:28:27,060 - __main__ - INFO - ✓ Success: https://api.github.com/repos/python/cpython
2026-03-06 15:28:30,544 - GitHubAPI - INFO - GET /repos/pandas-dev/pandas - Status: 200
2026-03-06 15:28:31,831 - GitHubAPI - INFO - GET /search/repositories - Status: 200
2026-03-06 15:28:53,202 - __main__ - INFO - Fetching page 1...
2026-03-06 15:28:55,459 - __main__ - INFO - Fetching page 2...
2026-03-06 15:28:55,732 - __main__ - INFO - Done. No more pages
2026-03-06 15:29:10,352 - GitHubAnalyzer - INFO - GET /repos/tensorflow/tensorflow - Status: 200
2026-03-06 15:29:10,455 - GitHubAnalyzer - INFO - GET /repos/pytorch/pytorch - Status: 200
2026-03-06 15:29:10,744 - GitHubAnalyzer - INFO - GET /repos/scikit-learn/scikit-learn - Status: 200
2026-03-06 15:31:01,377 - GitHubAnalyzer - INFO - GET /repos/tensorflow/tensorflow - Status: 200
2026-03-06 15:31:01,783 - GitHubAnalyzer - INFO - GET /repos/pytorch/pytorch - Status: 200
2026-03-06 15:31:02,198 - GitHubAnalyzer - INFO - GET /repos/scikit-learn/scikit-learn - Status: 200
2026-03-06 15:31:17,488 - GitHubAnalyzer - INFO - GET /repos/tensorflow/tensorflow - Status: 200
2026-03-06 15:31:17,620 - GitHubAnalyzer - INFO - GET /repos/pytorch/pytorch - Status: 200
2026-03-06 15:31:17,815 - GitHubAnalyzer - INFO - GET /repos/scikit-learn/scikit-learn - Status: 200
